# JRE version: OpenJDK Runtime Environment (8.0_152-b01) (build 1.8.0_152-release-1248-b01)
# Java VM: OpenJDK 64-Bit Server VM (25.152-b01 mixed mode linux-amd64 compressed oops)
Heap:
 PSYoungGen      total 193024K, used 12816K [0x00000000e0000000, 0x00000000ecd80000, 0x0000000100000000)
  eden space 177152K, 0% used [0x00000000e0000000,0x00000000e0000000,0x00000000ead00000)
  from space 15872K, 80% used [0x00000000ead00000,0x00000000eb9843f8,0x00000000ebc80000)
  to   space 14336K, 0% used [0x00000000ebc80000,0x00000000ebc80000,0x00000000eca80000)
 ParOldGen       total 81408K, used 34014K [0x00000000a0000000, 0x00000000a4f80000, 0x00000000e0000000)
  object space 81408K, 41% used [0x00000000a0000000,0x00000000a21378e8,0x00000000a4f80000)
 Metaspace       used 65076K, capacity 66948K, committed 67288K, reserved 1107968K
  class space    used 8683K, capacity 9099K, committed 9216K, reserved 1048576K
GC Heap History (10 events):
Event: 190.053 GC heap after
Heap after GC invocations=11 (full 1):
 PSYoungGen      total 138240K, used 5683K [0x00000000e0000000, 0x00000000eb100000, 0x0000000100000000)
  eden space 126976K, 0% used [0x00000000e0000000,0x00000000e0000000,0x00000000e7c00000)
  from space 11264K, 50% used [0x00000000e8680000,0x00000000e8c0ccd8,0x00000000e9180000)
  to   space 10752K, 0% used [0x00000000e7c00000,0x00000000e7c00000,0x00000000e8680000)
 ParOldGen       total 35328K, used 13744K [0x00000000a0000000, 0x00000000a2280000, 0x00000000e0000000)
  object space 35328K, 38% used [0x00000000a0000000,0x00000000a0d6c050,0x00000000a2280000)
 Metaspace       used 34609K, capacity 35220K, committed 35416K, reserved 1079296K
  class space    used 4793K, capacity 4975K, committed 4992K, reserved 1048576K
}
Event: 190.053 GC heap before
{Heap before GC invocations=12 (full 2):
 PSYoungGen      total 138240K, used 5683K [0x00000000e0000000, 0x00000000eb100000, 0x0000000100000000)
  eden space 126976K, 0% used [0x00000000e0000000,0x00000000e0000000,0x00000000e7c00000)
  from space 11264K, 50% used [0x00000000e8680000,0x00000000e8c0ccd8,0x00000000e9180000)
  to   space 10752K, 0% used [0x00000000e7c00000,0x00000000e7c00000,0x00000000e8680000)
 ParOldGen       total 35328K, used 13744K [0x00000000a0000000, 0x00000000a2280000, 0x00000000e0000000)
  object space 35328K, 38% used [0x00000000a0000000,0x00000000a0d6c050,0x00000000a2280000)
 Metaspace       used 34609K, capacity 35220K, committed 35416K, reserved 1079296K
  class space    used 4793K, capacity 4975K, committed 4992K, reserved 1048576K
Event: 190.331 GC heap after
Heap after GC invocations=12 (full 2):
 PSYoungGen      total 138240K, used 0K [0x00000000e0000000, 0x00000000eb100000, 0x0000000100000000)
  eden space 126976K, 0% used [0x00000000e0000000,0x00000000e0000000,0x00000000e7c00000)
  from space 11264K, 0% used [0x00000000e8680000,0x00000000e8680000,0x00000000e9180000)
  to   space 10752K, 0% used [0x00000000e7c00000,0x00000000e7c00000,0x00000000e8680000)
 ParOldGen       total 48640K, used 15250K [0x00000000a0000000, 0x00000000a2f80000, 0x00000000e0000000)
  object space 48640K, 31% used [0x00000000a0000000,0x00000000a0ee4850,0x00000000a2f80000)
 Metaspace       used 34593K, capacity 35166K, committed 35416K, reserved 1079296K
  class space    used 4788K, capacity 4966K, committed 4992K, reserved 1048576K
}
Event: 195.220 GC heap before
{Heap before GC invocations=13 (full 2):
 PSYoungGen      total 138240K, used 126976K [0x00000000e0000000, 0x00000000eb100000, 0x0000000100000000)
  eden space 126976K, 100% used [0x00000000e0000000,0x00000000e7c00000,0x00000000e7c00000)
  from space 11264K, 0% used [0x00000000e8680000,0x00000000e8680000,0x00000000e9180000)
  to   space 10752K, 0% used [0x00000000e7c00000,0x00000000e7c00000,0x00000000e8680000)
 ParOldGen       total 48640K, used 15250K [0x00000000a0000000, 0x00000000a2f80000, 0x00000000e0000000)
  object space 48640K, 31% used [0x00000000a0000000,0x00000000a0ee4850,0x00000000a2f80000)
 Metaspace       used 46148K, capacity 47064K, committed 47448K, reserved 1089536K
  class space    used 6277K, capacity 6525K, committed 6528K, reserved 1048576K
Event: 195.313 GC heap after
Heap after GC invocations=13 (full 2):
 PSYoungGen      total 137728K, used 10722K [0x00000000e0000000, 0x00000000eca80000, 0x0000000100000000)
  eden space 126976K, 0% used [0x00000000e0000000,0x00000000e0000000,0x00000000e7c00000)
  from space 10752K, 99% used [0x00000000e7c00000,0x00000000e8678988,0x00000000e8680000)
  to   space 14336K, 0% used [0x00000000ebc80000,0x00000000ebc80000,0x00000000eca80000)
 ParOldGen       total 48640K, used 20282K [0x00000000a0000000, 0x00000000a2f80000, 0x00000000e0000000)
  object space 48640K, 41% used [0x00000000a0000000,0x00000000a13ce960,0x00000000a2f80000)
 Metaspace       used 46148K, capacity 47064K, committed 47448K, reserved 1089536K
  class space    used 6277K, capacity 6525K, committed 6528K, reserved 1048576K
}
Event: 199.643 GC heap before
{Heap before GC invocations=14 (full 2):
 PSYoungGen      total 137728K, used 135030K [0x00000000e0000000, 0x00000000eca80000, 0x0000000100000000)
  eden space 126976K, 97% used [0x00000000e0000000,0x00000000e7964fe0,0x00000000e7c00000)
  from space 10752K, 99% used [0x00000000e7c00000,0x00000000e8678988,0x00000000e8680000)
  to   space 14336K, 0% used [0x00000000ebc80000,0x00000000ebc80000,0x00000000eca80000)
 ParOldGen       total 48640K, used 20282K [0x00000000a0000000, 0x00000000a2f80000, 0x00000000e0000000)
  object space 48640K, 41% used [0x00000000a0000000,0x00000000a13ce960,0x00000000a2f80000)
 Metaspace       used 57525K, capacity 58908K, committed 59028K, reserved 1099776K
  class space    used 7792K, capacity 8135K, committed 8192K, reserved 1048576K
Event: 199.708 GC heap after
Heap after GC invocations=14 (full 2):
 PSYoungGen      total 191488K, used 13394K [0x00000000e0000000, 0x00000000ecd80000, 0x0000000100000000)
  eden space 177152K, 0% used [0x00000000e0000000,0x00000000e0000000,0x00000000ead00000)
  from space 14336K, 93% used [0x00000000ebc80000,0x00000000ec994a30,0x00000000eca80000)
  to   space 15872K, 0% used [0x00000000ead00000,0x00000000ead00000,0x00000000ebc80000)
 ParOldGen       total 48640K, used 27939K [0x00000000a0000000, 0x00000000a2f80000, 0x00000000e0000000)
  object space 48640K, 57% used [0x00000000a0000000,0x00000000a1b48fd8,0x00000000a2f80000)
 Metaspace       used 57525K, capacity 58908K, committed 59028K, reserved 1099776K
  class space    used 7792K, capacity 8135K, committed 8192K, reserved 1048576K
}
Event: 199.708 GC heap before
{Heap before GC invocations=15 (full 3):
 PSYoungGen      total 191488K, used 13394K [0x00000000e0000000, 0x00000000ecd80000, 0x0000000100000000)
  eden space 177152K, 0% used [0x00000000e0000000,0x00000000e0000000,0x00000000ead00000)
  from space 14336K, 93% used [0x00000000ebc80000,0x00000000ec994a30,0x00000000eca80000)
  to   space 15872K, 0% used [0x00000000ead00000,0x00000000ead00000,0x00000000ebc80000)
 ParOldGen       total 48640K, used 27939K [0x00000000a0000000, 0x00000000a2f80000, 0x00000000e0000000)
  object space 48640K, 57% used [0x00000000a0000000,0x00000000a1b48fd8,0x00000000a2f80000)
 Metaspace       used 57525K, capacity 58908K, committed 59028K, reserved 1099776K
  class space    used 7792K, capacity 8135K, committed 8192K, reserved 1048576K
Event: 200.158 GC heap after
Heap after GC invocations=15 (full 3):
 PSYoungGen      total 191488K, used 0K [0x00000000e0000000, 0x00000000ecd80000, 0x0000000100000000)
  eden space 177152K, 0% used [0x00000000e0000000,0x00000000e0000000,0x00000000ead00000)
  from space 14336K, 0% used [0x00000000ebc80000,0x00000000ebc80000,0x00000000eca80000)
  to   space 15872K, 0% used [0x00000000ead00000,0x00000000ead00000,0x00000000ebc80000)
 ParOldGen       total 81408K, used 34006K [0x00000000a0000000, 0x00000000a4f80000, 0x00000000e0000000)
  object space 81408K, 41% used [0x00000000a0000000,0x00000000a21358e8,0x00000000a4f80000)
 Metaspace       used 57525K, capacity 58908K, committed 59028K, reserved 1099776K
  class space    used 7792K, capacity 8135K, committed 8192K, reserved 1048576K
}
Event: 218.547 GC heap before
{Heap before GC invocations=16 (full 3):
 PSYoungGen      total 191488K, used 177152K [0x00000000e0000000, 0x00000000ecd80000, 0x0000000100000000)
  eden space 177152K, 100% used [0x00000000e0000000,0x00000000ead00000,0x00000000ead00000)
  from space 14336K, 0% used [0x00000000ebc80000,0x00000000ebc80000,0x00000000eca80000)
  to   space 15872K, 0% used [0x00000000ead00000,0x00000000ead00000,0x00000000ebc80000)
 ParOldGen       total 81408K, used 34006K [0x00000000a0000000, 0x00000000a4f80000, 0x00000000e0000000)
  object space 81408K, 41% used [0x00000000a0000000,0x00000000a21358e8,0x00000000a4f80000)
 Metaspace       used 65076K, capacity 66948K, committed 67288K, reserved 1107968K
  class space    used 8683K, capacity 9099K, committed 9216K, reserved 1048576K

