# JRE version: OpenJDK Runtime Environment (8.0_152-b01) (build 1.8.0_152-release-1248-b01)
# Java VM: OpenJDK 64-Bit Server VM (25.152-b01 mixed mode linux-amd64 compressed oops)
Heap:
 PSYoungGen      total 251904K, used 0K [0x00000000e0000000, 0x00000000f2100000, 0x0000000100000000)
  eden space 239104K, 0% used [0x00000000e0000000,0x00000000e0000000,0x00000000ee980000)
  from space 12800K, 0% used [0x00000000efc00000,0x00000000efc00000,0x00000000f0880000)
  to   space 18944K, 0% used [0x00000000ee980000,0x00000000ee980000,0x00000000efc00000)
 ParOldGen       total 54272K, used 37016K [0x00000000a0000000, 0x00000000a3500000, 0x00000000e0000000)
  object space 54272K, 68% used [0x00000000a0000000,0x00000000a24261a8,0x00000000a3500000)
 Metaspace       used 57489K, capacity 58760K, committed 59096K, reserved 1101824K
  class space    used 7429K, capacity 7732K, committed 7808K, reserved 1048576K
GC Heap History (10 events):
Event: 44.553 GC heap after
Heap after GC invocations=14 (full 2):
 PSYoungGen      total 177664K, used 6772K [0x00000000e0000000, 0x00000000ebe00000, 0x0000000100000000)
  eden space 169984K, 0% used [0x00000000e0000000,0x00000000e0000000,0x00000000ea600000)
  from space 7680K, 88% used [0x00000000eb680000,0x00000000ebd1d150,0x00000000ebe00000)
  to   space 12288K, 0% used [0x00000000ea600000,0x00000000ea600000,0x00000000eb200000)
 ParOldGen       total 54272K, used 17957K [0x00000000a0000000, 0x00000000a3500000, 0x00000000e0000000)
  object space 54272K, 33% used [0x00000000a0000000,0x00000000a11894f0,0x00000000a3500000)
 Metaspace       used 43342K, capacity 44108K, committed 44544K, reserved 1087488K
  class space    used 5568K, capacity 5784K, committed 5888K, reserved 1048576K
}
Event: 49.006 GC heap before
{Heap before GC invocations=15 (full 2):
 PSYoungGen      total 177664K, used 176756K [0x00000000e0000000, 0x00000000ebe00000, 0x0000000100000000)
  eden space 169984K, 100% used [0x00000000e0000000,0x00000000ea600000,0x00000000ea600000)
  from space 7680K, 88% used [0x00000000eb680000,0x00000000ebd1d150,0x00000000ebe00000)
  to   space 12288K, 0% used [0x00000000ea600000,0x00000000ea600000,0x00000000eb200000)
 ParOldGen       total 54272K, used 17957K [0x00000000a0000000, 0x00000000a3500000, 0x00000000e0000000)
  object space 54272K, 33% used [0x00000000a0000000,0x00000000a11894f0,0x00000000a3500000)
 Metaspace       used 43384K, capacity 44108K, committed 44544K, reserved 1087488K
  class space    used 5568K, capacity 5784K, committed 5888K, reserved 1048576K
Event: 49.029 GC heap after
Heap after GC invocations=15 (full 2):
 PSYoungGen      total 182272K, used 10090K [0x00000000e0000000, 0x00000000edf80000, 0x0000000100000000)
  eden space 169984K, 0% used [0x00000000e0000000,0x00000000e0000000,0x00000000ea600000)
  from space 12288K, 82% used [0x00000000ea600000,0x00000000eafda868,0x00000000eb200000)
  to   space 13312K, 0% used [0x00000000ed280000,0x00000000ed280000,0x00000000edf80000)
 ParOldGen       total 54272K, used 17965K [0x00000000a0000000, 0x00000000a3500000, 0x00000000e0000000)
  object space 54272K, 33% used [0x00000000a0000000,0x00000000a118b4f0,0x00000000a3500000)
 Metaspace       used 43384K, capacity 44108K, committed 44544K, reserved 1087488K
  class space    used 5568K, capacity 5784K, committed 5888K, reserved 1048576K
}
Event: 51.191 GC heap before
{Heap before GC invocations=16 (full 2):
 PSYoungGen      total 182272K, used 180074K [0x00000000e0000000, 0x00000000edf80000, 0x0000000100000000)
  eden space 169984K, 100% used [0x00000000e0000000,0x00000000ea600000,0x00000000ea600000)
  from space 12288K, 82% used [0x00000000ea600000,0x00000000eafda868,0x00000000eb200000)
  to   space 13312K, 0% used [0x00000000ed280000,0x00000000ed280000,0x00000000edf80000)
 ParOldGen       total 54272K, used 17965K [0x00000000a0000000, 0x00000000a3500000, 0x00000000e0000000)
  object space 54272K, 33% used [0x00000000a0000000,0x00000000a118b4f0,0x00000000a3500000)
 Metaspace       used 43395K, capacity 44108K, committed 44544K, reserved 1087488K
  class space    used 5569K, capacity 5784K, committed 5888K, reserved 1048576K
Event: 51.214 GC heap after
Heap after GC invocations=16 (full 2):
 PSYoungGen      total 216064K, used 7156K [0x00000000e0000000, 0x00000000ee000000, 0x0000000100000000)
  eden space 202752K, 0% used [0x00000000e0000000,0x00000000e0000000,0x00000000ec600000)
  from space 13312K, 53% used [0x00000000ed280000,0x00000000ed97d168,0x00000000edf80000)
  to   space 12800K, 0% used [0x00000000ec600000,0x00000000ec600000,0x00000000ed280000)
 ParOldGen       total 54272K, used 17973K [0x00000000a0000000, 0x00000000a3500000, 0x00000000e0000000)
  object space 54272K, 33% used [0x00000000a0000000,0x00000000a118d4f0,0x00000000a3500000)
 Metaspace       used 43395K, capacity 44108K, committed 44544K, reserved 1087488K
  class space    used 5569K, capacity 5784K, committed 5888K, reserved 1048576K
}
Event: 53.887 GC heap before
{Heap before GC invocations=17 (full 2):
 PSYoungGen      total 216064K, used 209908K [0x00000000e0000000, 0x00000000ee000000, 0x0000000100000000)
  eden space 202752K, 100% used [0x00000000e0000000,0x00000000ec600000,0x00000000ec600000)
  from space 13312K, 53% used [0x00000000ed280000,0x00000000ed97d168,0x00000000edf80000)
  to   space 12800K, 0% used [0x00000000ec600000,0x00000000ec600000,0x00000000ed280000)
 ParOldGen       total 54272K, used 17973K [0x00000000a0000000, 0x00000000a3500000, 0x00000000e0000000)
  object space 54272K, 33% used [0x00000000a0000000,0x00000000a118d4f0,0x00000000a3500000)
 Metaspace       used 43970K, capacity 44806K, committed 45056K, reserved 1089536K
  class space    used 5647K, capacity 5863K, committed 5888K, reserved 1048576K
Event: 53.918 GC heap after
Heap after GC invocations=17 (full 2):
 PSYoungGen      total 215552K, used 8070K [0x00000000e0000000, 0x00000000f0880000, 0x0000000100000000)
  eden space 202752K, 0% used [0x00000000e0000000,0x00000000e0000000,0x00000000ec600000)
  from space 12800K, 63% used [0x00000000ec600000,0x00000000ecde18d8,0x00000000ed280000)
  to   space 12800K, 0% used [0x00000000efc00000,0x00000000efc00000,0x00000000f0880000)
 ParOldGen       total 54272K, used 17981K [0x00000000a0000000, 0x00000000a3500000, 0x00000000e0000000)
  object space 54272K, 33% used [0x00000000a0000000,0x00000000a118f4f0,0x00000000a3500000)
 Metaspace       used 43970K, capacity 44806K, committed 45056K, reserved 1089536K
  class space    used 5647K, capacity 5863K, committed 5888K, reserved 1048576K
}
Event: 59.098 GC heap before
{Heap before GC invocations=18 (full 2):
 PSYoungGen      total 215552K, used 157333K [0x00000000e0000000, 0x00000000f0880000, 0x0000000100000000)
  eden space 202752K, 73% used [0x00000000e0000000,0x00000000e91c3c40,0x00000000ec600000)
  from space 12800K, 63% used [0x00000000ec600000,0x00000000ecde18d8,0x00000000ed280000)
  to   space 12800K, 0% used [0x00000000efc00000,0x00000000efc00000,0x00000000f0880000)
 ParOldGen       total 54272K, used 17981K [0x00000000a0000000, 0x00000000a3500000, 0x00000000e0000000)
  object space 54272K, 33% used [0x00000000a0000000,0x00000000a118f4f0,0x00000000a3500000)
 Metaspace       used 57563K, capacity 58920K, committed 59096K, reserved 1101824K
  class space    used 7449K, capacity 7758K, committed 7808K, reserved 1048576K
Event: 59.255 GC heap after
Heap after GC invocations=18 (full 2):
 PSYoungGen      total 251904K, used 12785K [0x00000000e0000000, 0x00000000f2100000, 0x0000000100000000)
  eden space 239104K, 0% used [0x00000000e0000000,0x00000000e0000000,0x00000000ee980000)
  from space 12800K, 99% used [0x00000000efc00000,0x00000000f087c478,0x00000000f0880000)
  to   space 18944K, 0% used [0x00000000ee980000,0x00000000ee980000,0x00000000efc00000)
 ParOldGen       total 54272K, used 30275K [0x00000000a0000000, 0x00000000a3500000, 0x00000000e0000000)
  object space 54272K, 55% used [0x00000000a0000000,0x00000000a1d90f80,0x00000000a3500000)
 Metaspace       used 57563K, capacity 58920K, committed 59096K, reserved 1101824K
  class space    used 7449K, capacity 7758K, committed 7808K, reserved 1048576K
}
Event: 59.260 GC heap before
{Heap before GC invocations=19 (full 3):
 PSYoungGen      total 251904K, used 12785K [0x00000000e0000000, 0x00000000f2100000, 0x0000000100000000)
  eden space 239104K, 0% used [0x00000000e0000000,0x00000000e0000000,0x00000000ee980000)
  from space 12800K, 99% used [0x00000000efc00000,0x00000000f087c478,0x00000000f0880000)
  to   space 18944K, 0% used [0x00000000ee980000,0x00000000ee980000,0x00000000efc00000)
 ParOldGen       total 54272K, used 30275K [0x00000000a0000000, 0x00000000a3500000, 0x00000000e0000000)
  object space 54272K, 55% used [0x00000000a0000000,0x00000000a1d90f80,0x00000000a3500000)
 Metaspace       used 57563K, capacity 58920K, committed 59096K, reserved 1101824K
  class space    used 7449K, capacity 7758K, committed 7808K, reserved 1048576K

